{"C:\\Users\\Daniel\\Desktop\\Master\\CC\\despliegueAppCC\\frontend\\src\\App.jsx": {"path":"C:\\Users\\Daniel\\Desktop\\Master\\CC\\despliegueAppCC\\frontend\\src\\App.jsx","statementMap":{"0":{"start":{"line":5,"column":2},"end":{"line":9,"column":4}}},"fnMap":{"0":{"name":"App","decl":{"start":{"line":4,"column":9},"end":{"line":4,"column":12}},"loc":{"start":{"line":4,"column":15},"end":{"line":10,"column":1}},"line":4}},"branchMap":{},"s":{"0":1},"f":{"0":1},"b":{},"_coverageSchema":"1a1c01bbd47fc00a2c39e90264f33305004495a9","hash":"85687bbe9c6e045b7dcf8d1fafd58e5cd6f98957"}
}
